[0430/235937.646:ERROR:process_reader_win.cc(151)] SuspendThread: Acesso negado. (0x5)
[0430/235937.648:ERROR:process_reader_win.cc(151)] SuspendThread: Acesso negado. (0x5)
[0430/235937.648:ERROR:process_reader_win.cc(151)] SuspendThread: Acesso negado. (0x5)
[0430/235937.648:ERROR:process_reader_win.cc(151)] SuspendThread: Acesso negado. (0x5)
[0430/235937.648:ERROR:process_reader_win.cc(151)] SuspendThread: Acesso negado. (0x5)
[0430/235937.648:ERROR:process_reader_win.cc(151)] SuspendThread: Acesso negado. (0x5)
[0430/235937.648:ERROR:process_reader_win.cc(151)] SuspendThread: Acesso negado. (0x5)
[0430/235937.669:ERROR:process_memory_win.cc(73)] ReadMemory at 0x244003c3530 of 72 bytes failed: Somente uma parte de um pedido ReadProcessMemory ou WriteProcessMemory foi concluída. (0x12B)
[0430/235937.669:WARNING:pe_image_annotations_reader.cc(134)] could not read annotations list object in C:\Program Files (x86)\Google\Chrome\Application\73.0.3683.103\chrome_elf.dll
[0430/235937.670:ERROR:process_memory_win.cc(73)] ReadMemory at 0x244006e2e80 of 72 bytes failed: Somente uma parte de um pedido ReadProcessMemory ou WriteProcessMemory foi concluída. (0x12B)
[0430/235937.670:WARNING:pe_image_annotations_reader.cc(134)] could not read annotations list object in C:\Program Files (x86)\Google\Chrome\Application\73.0.3683.103\chrome_child.dll
[0430/235937.716:ERROR:process_memory_win.cc(73)] ReadMemory at 0x244003c3530 of 72 bytes failed: Somente uma parte de um pedido ReadProcessMemory ou WriteProcessMemory foi concluída. (0x12B)
[0430/235937.716:WARNING:pe_image_annotations_reader.cc(134)] could not read annotations list object in C:\Program Files (x86)\Google\Chrome\Application\73.0.3683.103\chrome_elf.dll
[0430/235937.717:ERROR:process_memory_win.cc(73)] ReadMemory at 0x244006e2e80 of 72 bytes failed: Somente uma parte de um pedido ReadProcessMemory ou WriteProcessMemory foi concluída. (0x12B)
[0430/235937.717:WARNING:pe_image_annotations_reader.cc(134)] could not read annotations list object in C:\Program Files (x86)\Google\Chrome\Application\73.0.3683.103\chrome_child.dll
[0430/235937.745:ERROR:process_memory_win.cc(73)] ReadMemory at 0xe1815ec000 of 81920 bytes failed: Somente uma parte de um pedido ReadProcessMemory ou WriteProcessMemory foi concluída. (0x12B)
[0430/235937.746:ERROR:process_memory_win.cc(73)] ReadMemory at 0xe1817fe000 of 8192 bytes failed: Somente uma parte de um pedido ReadProcessMemory ou WriteProcessMemory foi concluída. (0x12B)
[0430/235937.746:ERROR:process_memory_win.cc(73)] ReadMemory at 0xe181bfe000 of 8192 bytes failed: Somente uma parte de um pedido ReadProcessMemory ou WriteProcessMemory foi concluída. (0x12B)
[0430/235937.746:ERROR:process_memory_win.cc(73)] ReadMemory at 0xe181dfe000 of 8192 bytes failed: Somente uma parte de um pedido ReadProcessMemory ou WriteProcessMemory foi concluída. (0x12B)
[0430/235937.746:ERROR:process_memory_win.cc(73)] ReadMemory at 0xe181ffe000 of 8192 bytes failed: Somente uma parte de um pedido ReadProcessMemory ou WriteProcessMemory foi concluída. (0x12B)
[0430/235937.747:ERROR:process_memory_win.cc(73)] ReadMemory at 0xe1821fd000 of 12288 bytes failed: Somente uma parte de um pedido ReadProcessMemory ou WriteProcessMemory foi concluída. (0x12B)
[0430/235937.747:ERROR:process_memory_win.cc(73)] ReadMemory at 0xe1823fe000 of 8192 bytes failed: Somente uma parte de um pedido ReadProcessMemory ou WriteProcessMemory foi concluída. (0x12B)
[0430/235937.747:ERROR:process_memory_win.cc(73)] ReadMemory at 0xe1825fe000 of 8192 bytes failed: Somente uma parte de um pedido ReadProcessMemory ou WriteProcessMemory foi concluída. (0x12B)
[0430/235937.747:ERROR:process_memory_win.cc(73)] ReadMemory at 0xe1827fb000 of 20480 bytes failed: Somente uma parte de um pedido ReadProcessMemory ou WriteProcessMemory foi concluída. (0x12B)
[0430/235937.748:ERROR:process_memory_win.cc(73)] ReadMemory at 0xe1829e8000 of 98304 bytes failed: Somente uma parte de um pedido ReadProcessMemory ou WriteProcessMemory foi concluída. (0x12B)
[0430/235937.748:ERROR:process_memory_win.cc(73)] ReadMemory at 0xe182be8000 of 98304 bytes failed: Somente uma parte de um pedido ReadProcessMemory ou WriteProcessMemory foi concluída. (0x12B)
[0430/235937.748:ERROR:process_memory_win.cc(73)] ReadMemory at 0xe18136c000 of 852 bytes failed: Somente uma parte de um pedido ReadProcessMemory ou WriteProcessMemory foi concluída. (0x12B)
[0430/235937.749:ERROR:process_memory_win.cc(73)] ReadMemory at 0xe18136d000 of 6024 bytes failed: Somente uma parte de um pedido ReadProcessMemory ou WriteProcessMemory foi concluída. (0x12B)
[0430/235937.749:ERROR:process_memory_win.cc(73)] ReadMemory at 0xe18136f000 of 6024 bytes failed: Somente uma parte de um pedido ReadProcessMemory ou WriteProcessMemory foi concluída. (0x12B)
[0430/235937.749:ERROR:process_memory_win.cc(73)] ReadMemory at 0xe181373000 of 6024 bytes failed: Somente uma parte de um pedido ReadProcessMemory ou WriteProcessMemory foi concluída. (0x12B)
[0430/235937.749:ERROR:process_memory_win.cc(73)] ReadMemory at 0xe181375000 of 6024 bytes failed: Somente uma parte de um pedido ReadProcessMemory ou WriteProcessMemory foi concluída. (0x12B)
[0430/235937.749:ERROR:process_memory_win.cc(73)] ReadMemory at 0xe181377000 of 6024 bytes failed: Somente uma parte de um pedido ReadProcessMemory ou WriteProcessMemory foi concluída. (0x12B)
[0430/235937.750:ERROR:process_memory_win.cc(73)] ReadMemory at 0xe181379000 of 6024 bytes failed: Somente uma parte de um pedido ReadProcessMemory ou WriteProcessMemory foi concluída. (0x12B)
[0430/235937.750:ERROR:process_memory_win.cc(73)] ReadMemory at 0xe18137b000 of 6024 bytes failed: Somente uma parte de um pedido ReadProcessMemory ou WriteProcessMemory foi concluída. (0x12B)
[0430/235937.750:ERROR:process_memory_win.cc(73)] ReadMemory at 0xe18137d000 of 6024 bytes failed: Somente uma parte de um pedido ReadProcessMemory ou WriteProcessMemory foi concluída. (0x12B)
[0430/235937.750:ERROR:process_memory_win.cc(73)] ReadMemory at 0xe18137f000 of 6024 bytes failed: Somente uma parte de um pedido ReadProcessMemory ou WriteProcessMemory foi concluída. (0x12B)
[0430/235937.750:ERROR:process_memory_win.cc(73)] ReadMemory at 0xe181381000 of 6024 bytes failed: Somente uma parte de um pedido ReadProcessMemory ou WriteProcessMemory foi concluída. (0x12B)
[0430/235937.750:ERROR:process_memory_win.cc(73)] ReadMemory at 0xe181383000 of 6024 bytes failed: Somente uma parte de um pedido ReadProcessMemory ou WriteProcessMemory foi concluída. (0x12B)
[0430/235937.751:ERROR:process_memory_win.cc(73)] ReadMemory at 0x24400717130 of 512 bytes failed: Somente uma parte de um pedido ReadProcessMemory ou WriteProcessMemory foi concluída. (0x12B)
[0430/235937.751:ERROR:process_memory_win.cc(73)] ReadMemory at 0x2440072b730 of 512 bytes failed: Somente uma parte de um pedido ReadProcessMemory ou WriteProcessMemory foi concluída. (0x12B)
[0430/235937.751:ERROR:process_memory_win.cc(73)] ReadMemory at 0x24400734630 of 512 bytes failed: Somente uma parte de um pedido ReadProcessMemory ou WriteProcessMemory foi concluída. (0x12B)
[0430/235937.751:ERROR:process_memory_win.cc(73)] ReadMemory at 0x24400738910 of 672 bytes failed: Somente uma parte de um pedido ReadProcessMemory ou WriteProcessMemory foi concluída. (0x12B)
[0430/235937.751:ERROR:process_memory_win.cc(73)] ReadMemory at 0x24400738dc0 of 512 bytes failed: Somente uma parte de um pedido ReadProcessMemory ou WriteProcessMemory foi concluída. (0x12B)
[0430/235937.751:ERROR:process_memory_win.cc(73)] ReadMemory at 0x2440252cf90 of 512 bytes failed: Somente uma parte de um pedido ReadProcessMemory ou WriteProcessMemory foi concluída. (0x12B)
[0430/235937.751:ERROR:process_memory_win.cc(73)] ReadMemory at 0x24402531430 of 512 bytes failed: Somente uma parte de um pedido ReadProcessMemory ou WriteProcessMemory foi concluída. (0x12B)
[0430/235937.751:ERROR:process_memory_win.cc(73)] ReadMemory at 0x244028fb230 of 512 bytes failed: Somente uma parte de um pedido ReadProcessMemory ou WriteProcessMemory foi concluída. (0x12B)
[0430/235937.751:ERROR:process_memory_win.cc(73)] ReadMemory at 0x24403df6570 of 512 bytes failed: Somente uma parte de um pedido ReadProcessMemory ou WriteProcessMemory foi concluída. (0x12B)
[0430/235937.751:ERROR:process_memory_win.cc(73)] ReadMemory at 0x24405c776c0 of 512 bytes failed: Somente uma parte de um pedido ReadProcessMemory ou WriteProcessMemory foi concluída. (0x12B)
[0430/235937.751:ERROR:process_memory_win.cc(73)] ReadMemory at 0x244060ff0b8 of 512 bytes failed: Somente uma parte de um pedido ReadProcessMemory ou WriteProcessMemory foi concluída. (0x12B)
[0430/235937.752:ERROR:process_memory_win.cc(73)] ReadMemory at 0x2440c86d480 of 520 bytes failed: Somente uma parte de um pedido ReadProcessMemory ou WriteProcessMemory foi concluída. (0x12B)
[0430/235937.761:ERROR:scoped_process_suspend.cc(40)] NtResumeProcess: Tentou-se acessar um processo de saída. (0xc000010a)
